Crawl date: 2019-11-03T20:17:28.574512
Crawl executable: /opt/google/chrome/google-chrome
Crawl site: https://dappradar.com/rankings
Crawl pages: 1.0
Crawl DApps Index Length: 51 at index -1
Crawl DApps: 50
Plotting...
There is no file to compare with
Finished: 2019-11-03T20:23:37.611388
Crawl date: 2019-11-04T04:30:21.368896
Crawl executable: /opt/google/chrome/google-chrome
Crawl site: https://dappradar.com/rankings
Crawl pages: 1.0
Crawl DApps Index Length: 51 at index -1
Crawl DApps: 50
Plotting...
Traceback (most recent call last):
  File "DappRadar.py", line 297, in <module>
    f2=pd.read_csv(filepathY+'/DappRadar.csv')
  File "/usr/lib/python3/dist-packages/pandas/io/parsers.py", line 709, in parser_f
    return _read(filepath_or_buffer, kwds)
  File "/usr/lib/python3/dist-packages/pandas/io/parsers.py", line 449, in _read
    parser = TextFileReader(filepath_or_buffer, **kwds)
  File "/usr/lib/python3/dist-packages/pandas/io/parsers.py", line 818, in __init__
    self._make_engine(self.engine)
  File "/usr/lib/python3/dist-packages/pandas/io/parsers.py", line 1049, in _make_engine
    self._engine = CParserWrapper(self.f, **self.options)
  File "/usr/lib/python3/dist-packages/pandas/io/parsers.py", line 1695, in __init__
    self._reader = parsers.TextReader(src, **kwds)
  File "pandas/_libs/parsers.pyx", line 402, in pandas._libs.parsers.TextReader.__cinit__
  File "pandas/_libs/parsers.pyx", line 718, in pandas._libs.parsers.TextReader._setup_parser_source
FileNotFoundError: File b'dappRadar-2019-11-03/DappRadar.csv' does not exist
Crawl date: 2019-11-05T04:30:32.309210
Crawl executable: /opt/google/chrome/google-chrome
Crawl site: https://dappradar.com/rankings
Crawl pages: 1.0
Crawl DApps Index Length: 51 at index -1
Crawl DApps: 50
Plotting...
Traceback (most recent call last):
  File "DappRadar.py", line 297, in <module>
    f2=pd.read_csv(filepathY+'/DappRadar.csv')
  File "/usr/lib/python3/dist-packages/pandas/io/parsers.py", line 709, in parser_f
    return _read(filepath_or_buffer, kwds)
  File "/usr/lib/python3/dist-packages/pandas/io/parsers.py", line 449, in _read
    parser = TextFileReader(filepath_or_buffer, **kwds)
  File "/usr/lib/python3/dist-packages/pandas/io/parsers.py", line 818, in __init__
    self._make_engine(self.engine)
  File "/usr/lib/python3/dist-packages/pandas/io/parsers.py", line 1049, in _make_engine
    self._engine = CParserWrapper(self.f, **self.options)
  File "/usr/lib/python3/dist-packages/pandas/io/parsers.py", line 1695, in __init__
    self._reader = parsers.TextReader(src, **kwds)
  File "pandas/_libs/parsers.pyx", line 402, in pandas._libs.parsers.TextReader.__cinit__
  File "pandas/_libs/parsers.pyx", line 718, in pandas._libs.parsers.TextReader._setup_parser_source
FileNotFoundError: File b'dappRadar-2019-11-04/DappRadar.csv' does not exist
Crawl error: Directory exists /home/ubuntu/dapps-scraping/dappRadar-2019-11-05
Crawl error: Directory exists /home/ubuntu/dapps-scraping/dappRadar-2019-11-05
--
Crawl date: 2019-11-06T04:30:02.257624
Crawl executable: /opt/google/chrome/google-chrome
Crawl site: https://dappradar.com/rankings
Crawl pages: 1.0
Crawl DApps Index Length: 51 at index -1
Crawl DApps: 50
DApp https://dappradar.com/app/944/my-crypto-heroes
DApp https://dappradar.com/tron/440/tronhives
Bailout social: https://dappradar.com/tron/440/tronhives
Bailout smart contracts: https://dappradar.com/tron/440/tronhives
DApp https://dappradar.com/tron/2/wink
DApp https://dappradar.com/eos/1059/eos-dynasty
DApp https://dappradar.com/tron/370/rocketgame
DApp https://dappradar.com/tron/22/888tron
DApp https://dappradar.com/app/791/makerdao
DApp https://dappradar.com/tron/366/tiger-vs-dragon
DApp https://dappradar.com/tron/70/trontrade
DApp https://dappradar.com/tron/320/tronwatch-market
DApp https://dappradar.com/eos/669/newdex
Bailout social: https://dappradar.com/eos/669/newdex
Bailout smart contracts: https://dappradar.com/eos/669/newdex
DApp https://dappradar.com/app/1332/playtowin-io
DApp https://dappradar.com/tron/246/roulette-live
DApp https://dappradar.com/thundercore/7/slots
DApp https://dappradar.com/tron/492/catpromotion
Bailout smart contracts: https://dappradar.com/tron/492/catpromotion
DApp https://dappradar.com/eos/976/prospectors
DApp https://dappradar.com/app/1585/x2bet-win
DApp https://dappradar.com/app/1558/hypersnakes
DApp https://dappradar.com/tron/391/video-poker
DApp https://dappradar.com/eos/652/eos-knights
DApp https://dappradar.com/tron/358/blackjack
DApp https://dappradar.com/eos/731/eos-royale
DApp https://dappradar.com/app/1469/cryptodozer
DApp https://dappradar.com/app/644/0xuniverse
DApp https://dappradar.com/tron/430/dragon7
DApp https://dappradar.com/tron/359/queen-vs-king
DApp https://dappradar.com/tron/478/planet-boom
DApp https://dappradar.com/ont/4/hyperdragons-go
DApp https://dappradar.com/tron/489/tronfund-io
Bailout social: https://dappradar.com/tron/489/tronfund-io
Bailout smart contracts: https://dappradar.com/tron/489/tronfund-io
DApp https://dappradar.com/tron/399/high-low
DApp https://dappradar.com/tron/222/big-small
DApp https://dappradar.com/tron/363/baccarat-live
DApp https://dappradar.com/app/1687/yolorekt
DApp https://dappradar.com/tron/204/goodluck-casino
DApp https://dappradar.com/ont/1/hypersnakes
DApp https://dappradar.com/tron/496/tewkenaire
DApp https://dappradar.com/app/1611/cryptospells
DApp https://dappradar.com/tron/487/enme
DApp https://dappradar.com/app/249/blockchain-cuties
DApp https://dappradar.com/ont/47/cryptothrone
DApp https://dappradar.com/iost/22/iost-dex
DApp https://dappradar.com/tron/429/7tron
DApp https://dappradar.com/tron/202/bankroll
DApp https://dappradar.com/app/266/kyber
DApp https://dappradar.com/tron/21/trxmarket
DApp https://dappradar.com/app/165/idex
DApp https://dappradar.com/app/1657/smartex
DApp https://dappradar.com/eos/812/ibank
DApp https://dappradar.com/app/138/forkdelta
DApp https://dappradar.com/app/1645/dozerbird
Plotting...
Traceback (most recent call last):
  File "DappRadar.py", line 325, in <module>
    f2=pd.read_csv(filepathY+'/DappRadar.csv')
  File "/usr/lib/python3/dist-packages/pandas/io/parsers.py", line 709, in parser_f
    return _read(filepath_or_buffer, kwds)
  File "/usr/lib/python3/dist-packages/pandas/io/parsers.py", line 449, in _read
    parser = TextFileReader(filepath_or_buffer, **kwds)
  File "/usr/lib/python3/dist-packages/pandas/io/parsers.py", line 818, in __init__
    self._make_engine(self.engine)
  File "/usr/lib/python3/dist-packages/pandas/io/parsers.py", line 1049, in _make_engine
    self._engine = CParserWrapper(self.f, **self.options)
  File "/usr/lib/python3/dist-packages/pandas/io/parsers.py", line 1695, in __init__
    self._reader = parsers.TextReader(src, **kwds)
  File "pandas/_libs/parsers.pyx", line 402, in pandas._libs.parsers.TextReader.__cinit__
  File "pandas/_libs/parsers.pyx", line 718, in pandas._libs.parsers.TextReader._setup_parser_source
FileNotFoundError: File b'dappRadar-2019-11-05/DappRadar.csv' does not exist
Crawl date: 2019-11-07T04:30:01.963665
Crawl executable: /opt/google/chrome/google-chrome
Crawl site: https://dappradar.com/rankings
Crawl pages: 1.0
Crawl DApps Index Length: 51 at index -1
Crawl DApps: 50
DApp https://dappradar.com/app/944/my-crypto-heroes
DApp https://dappradar.com/eos/1059/eos-dynasty
DApp https://dappradar.com/tron/2/wink
DApp https://dappradar.com/tron/440/tronhives
DApp https://dappradar.com/eos/706/dice
DApp https://dappradar.com/tron/370/rocketgame
DApp https://dappradar.com/tron/22/888tron
DApp https://dappradar.com/app/791/makerdao
DApp https://dappradar.com/tron/366/tiger-vs-dragon
DApp https://dappradar.com/tron/70/trontrade
DApp https://dappradar.com/app/1332/playtowin-io
DApp https://dappradar.com/tron/246/roulette-live
DApp https://dappradar.com/eos/669/newdex
DApp https://dappradar.com/tron/320/tronwatch-market
DApp https://dappradar.com/app/1585/x2bet-win
DApp https://dappradar.com/tron/492/catpromotion
DApp https://dappradar.com/eos/976/prospectors
DApp https://dappradar.com/app/1558/hypersnakes
Bailout smart contracts: https://dappradar.com/app/1558/hypersnakes
DApp https://dappradar.com/eos/652/eos-knights
DApp https://dappradar.com/thundercore/7/slots
DApp https://dappradar.com/tron/391/video-poker
DApp https://dappradar.com/tron/358/blackjack
DApp https://dappradar.com/app/644/0xuniverse
DApp https://dappradar.com/app/1469/cryptodozer
DApp https://dappradar.com/tron/430/dragon7
DApp https://dappradar.com/eos/731/eos-royale
DApp https://dappradar.com/tron/359/queen-vs-king
DApp https://dappradar.com/tron/489/tronfund-io
DApp https://dappradar.com/tron/399/high-low
DApp https://dappradar.com/tron/363/baccarat-live
DApp https://dappradar.com/tron/222/big-small
DApp https://dappradar.com/tron/204/goodluck-casino
DApp https://dappradar.com/ont/4/hyperdragons-go
DApp https://dappradar.com/ont/1/hypersnakes
DApp https://dappradar.com/tron/487/enme
DApp https://dappradar.com/app/249/blockchain-cuties
DApp https://dappradar.com/app/266/kyber
DApp https://dappradar.com/app/1611/cryptospells
DApp https://dappradar.com/iost/22/iost-dex
DApp https://dappradar.com/tron/478/planet-boom
DApp https://dappradar.com/tron/496/tewkenaire
DApp https://dappradar.com/tron/202/bankroll
DApp https://dappradar.com/tron/21/trxmarket
DApp https://dappradar.com/eos/1080/crypto-sword-magic
DApp https://dappradar.com/ont/47/cryptothrone
DApp https://dappradar.com/app/138/forkdelta
DApp https://dappradar.com/app/165/idex
DApp https://dappradar.com/app/1687/yolorekt
DApp https://dappradar.com/eos/812/ibank
DApp https://dappradar.com/tron/429/7tron
Plotting...

 [1m The new dapps added: 2 DApps[0m 

         Name   category  Balance   User  Volume24  Txn24 platform github                               facebook                           twitter  \
46    Smartex  high-risk      0.0  313.0   53300.0  401.0      ETH    NaN                                    NaN                               NaN   
49  Dozerbird      games     21.1  264.0      69.0  293.0      ETH    NaN  https://www.facebook.com/playdapp.io/  https://twitter.com/DozerFriends   

                       telegram                           medium youtube                                   reddit  \
46                          NaN                              NaN     NaN                                      NaN   
49  https://t.me/cryptodozer_io  https://medium.com/dozerfriends     NaN  https://www.reddit.com/user/playdapp_io   

                                   dappLink  smartContract  
46  https://dappradar.com/eth/clickout/1657              1  
49  https://dappradar.com/eth/clickout/1645              5  

 [1m The removed dapps: 2 DApps [0m 

                    Name  category   Balance    User  Volume24    Txn24 platform github facebook                              twitter  \
4                   Dice  gambling  72000.00  1900.0   60900.0  97500.0      EOS   null     null         https://twitter.com/dice1_en   
43  Crypto Sword & Magic     games    429.93   324.0   15100.0   1900.0      EOS   null     null  https://twitter.com/sword_and_magic   

                  telegram                                 medium youtube reddit                                 dappLink  smartContract  
4    https://t.me/dice1_en                                   null    null   null   https://dappradar.com/eos/clickout/706             18  
43  https://t.me/cryptosnm  https://medium.com/crypto-sword-magic    null   null  https://dappradar.com/eos/clickout/1080              1  
Finished: 2019-11-07T04:31:50.947688
Crawl date: 2019-11-08T04:30:07.430839
Crawl executable: /opt/google/chrome/google-chrome
Crawl site: https://dappradar.com/rankings
Crawl pages: 1.0
Crawl DApps Index Length: 51 at index -1
Crawl DApps: 50
DApp https://dappradar.com/tron/440/tronhives
DApp https://dappradar.com/app/944/my-crypto-heroes
DApp https://dappradar.com/eos/1059/eos-dynasty
DApp https://dappradar.com/tron/2/wink
DApp https://dappradar.com/tron/22/888tron
DApp https://dappradar.com/tron/370/rocketgame
DApp https://dappradar.com/app/791/makerdao
DApp https://dappradar.com/tron/366/tiger-vs-dragon
DApp https://dappradar.com/eos/669/newdex
DApp https://dappradar.com/tron/70/trontrade
DApp https://dappradar.com/tron/320/tronwatch-market
DApp https://dappradar.com/app/1332/playtowin-io
DApp https://dappradar.com/tron/246/roulette-live
DApp https://dappradar.com/eos/706/dice
DApp https://dappradar.com/thundercore/7/slots
DApp https://dappradar.com/tron/492/catpromotion
DApp https://dappradar.com/app/1687/yolorekt
DApp https://dappradar.com/eos/976/prospectors
DApp https://dappradar.com/tron/391/video-poker
DApp https://dappradar.com/tron/358/blackjack
DApp https://dappradar.com/app/1558/hypersnakes
DApp https://dappradar.com/app/1469/cryptodozer
DApp https://dappradar.com/eos/652/eos-knights
DApp https://dappradar.com/tron/430/dragon7
DApp https://dappradar.com/eos/731/eos-royale
DApp https://dappradar.com/app/644/0xuniverse
DApp https://dappradar.com/tron/359/queen-vs-king
DApp https://dappradar.com/app/1585/x2bet-win
DApp https://dappradar.com/tron/399/high-low
DApp https://dappradar.com/tron/489/tronfund-io
DApp https://dappradar.com/ont/4/hyperdragons-go
DApp https://dappradar.com/tron/496/tewkenaire
DApp https://dappradar.com/tron/204/goodluck-casino
DApp https://dappradar.com/tron/222/big-small
DApp https://dappradar.com/tron/363/baccarat-live
DApp https://dappradar.com/ont/1/hypersnakes
DApp https://dappradar.com/tron/487/enme
DApp https://dappradar.com/app/1611/cryptospells
DApp https://dappradar.com/iost/22/iost-dex
DApp https://dappradar.com/app/249/blockchain-cuties
DApp https://dappradar.com/tron/202/bankroll
Bailout smart contracts: https://dappradar.com/tron/202/bankroll
DApp https://dappradar.com/eos/1080/crypto-sword-magic
DApp https://dappradar.com/tron/21/trxmarket
DApp https://dappradar.com/app/266/kyber
DApp https://dappradar.com/ont/47/cryptothrone
DApp https://dappradar.com/tron/478/planet-boom
DApp https://dappradar.com/eos/1169/eosmmm
DApp https://dappradar.com/eos/812/ibank
DApp https://dappradar.com/tron/429/7tron
DApp https://dappradar.com/app/165/idex
Plotting...

 [1m The new dapps added: 1 DApps[0m 

         Name   category  Balance   User  Volume24   Txn24 platform github facebook twitter telegram medium youtube reddit  \
45  ForkDelta  exchanges  22900.0  319.0   88500.0  1200.0      ETH    NaN      NaN     NaN      NaN    NaN     NaN    NaN   

                                  dappLink  smartContract  
45  https://dappradar.com/eth/clickout/138              1  

 [1m The removed dapps: 1 DApps [0m 

      Name  category  Balance   User  Volume24   Txn24 platform github facebook twitter telegram medium youtube reddit  \
46  EOSMMM  gambling  17900.0  305.0    6600.0  2100.0      EOS   null     null    null     null   null    null   null   

                                   dappLink  smartContract  
46  https://dappradar.com/eos/clickout/1169              1  
Finished: 2019-11-08T04:31:58.395476
Crawl date: 2019-11-09T04:30:08.732779
Crawl executable: /opt/google/chrome/google-chrome
Crawl site: https://dappradar.com/rankings
Crawl pages: 1.0
Crawl DApps Index Length: 51 at index -1
Crawl DApps: 50
DApp https://dappradar.com/app/944/my-crypto-heroes
DApp https://dappradar.com/tron/440/tronhives
DApp https://dappradar.com/eos/1059/eos-dynasty
DApp https://dappradar.com/tron/2/wink
DApp https://dappradar.com/tron/370/rocketgame
DApp https://dappradar.com/tron/22/888tron
DApp https://dappradar.com/app/791/makerdao
DApp https://dappradar.com/tron/320/tronwatch-market
DApp https://dappradar.com/tron/366/tiger-vs-dragon
DApp https://dappradar.com/eos/669/newdex
Bailout smart contracts: https://dappradar.com/eos/669/newdex
DApp https://dappradar.com/tron/70/trontrade
DApp https://dappradar.com/app/1332/playtowin-io
DApp https://dappradar.com/tron/246/roulette-live
DApp https://dappradar.com/app/1687/yolorekt
DApp https://dappradar.com/eos/706/dice
DApp https://dappradar.com/tron/492/catpromotion
DApp https://dappradar.com/tron/391/video-poker
DApp https://dappradar.com/tron/358/blackjack
DApp https://dappradar.com/app/1558/hypersnakes
DApp https://dappradar.com/eos/731/eos-royale
DApp https://dappradar.com/tron/430/dragon7
DApp https://dappradar.com/app/1585/x2bet-win
DApp https://dappradar.com/eos/976/prospectors
DApp https://dappradar.com/app/1469/cryptodozer
Bailout social: https://dappradar.com/app/1469/cryptodozer
Bailout smart contracts: https://dappradar.com/app/1469/cryptodozer
DApp https://dappradar.com/thundercore/7/slots
DApp https://dappradar.com/app/644/0xuniverse
DApp https://dappradar.com/eos/652/eos-knights
DApp https://dappradar.com/tron/496/tewkenaire
DApp https://dappradar.com/tron/359/queen-vs-king
DApp https://dappradar.com/ont/4/hyperdragons-go
DApp https://dappradar.com/tron/204/goodluck-casino
DApp https://dappradar.com/tron/399/high-low
DApp https://dappradar.com/tron/489/tronfund-io
DApp https://dappradar.com/tron/363/baccarat-live
DApp https://dappradar.com/tron/222/big-small
DApp https://dappradar.com/tron/487/enme
DApp https://dappradar.com/app/1611/cryptospells
DApp https://dappradar.com/ont/1/hypersnakes
DApp https://dappradar.com/app/249/blockchain-cuties
DApp https://dappradar.com/iost/22/iost-dex
DApp https://dappradar.com/ont/47/cryptothrone
DApp https://dappradar.com/app/266/kyber
DApp https://dappradar.com/eos/1080/crypto-sword-magic
DApp https://dappradar.com/tron/202/bankroll
DApp https://dappradar.com/tron/21/trxmarket
DApp https://dappradar.com/tron/446/cryptofriends
DApp https://dappradar.com/app/1356/nest
DApp https://dappradar.com/eos/1169/eosmmm
DApp https://dappradar.com/tron/429/7tron
DApp https://dappradar.com/app/165/idex
Plotting...

 [1m The new dapps added: 2 DApps[0m 

            Name category   Balance   User  Volume24   Txn24 platform github facebook                        twitter                 telegram  \
45  Planet BOOM!    games  180100.0  323.0    4000.0  5500.0     TRON    NaN      NaN  https://twitter.com/EggiesEGG  https://t.me/PlanetBOOM   
47         iBank    other  357200.0  302.0  431800.0  2400.0      EOS    NaN      NaN                            NaN                      NaN   

   medium youtube reddit                                 dappLink  smartContract  
45    NaN     NaN    NaN  https://dappradar.com/tron/clickout/478              2  
47    NaN     NaN    NaN   https://dappradar.com/eos/clickout/812              4  

 [1m The removed dapps: 2 DApps [0m 

             Name   category  Balance   User  Volume24  Txn24 platform                            github facebook                       twitter  \
45  CryptoFriends  high-risk      2.0  339.0     446.0  340.0     TRON                              null     null                          null   
46           NEST      other      0.0  324.0       0.0  329.0      ETH  https://github.com/NEST-Protocol     null  https://twitter.com/NestCore   

                         telegram medium youtube reddit                                 dappLink  smartContract  
45  https://t.me/CryptoFriendsVip   null    null   null  https://dappradar.com/tron/clickout/446              1  
46       https://t.me/nestdapp_en   null    null   null  https://dappradar.com/eth/clickout/1356              4  
Finished: 2019-11-09T04:32:01.912453
Crawl date: 2019-11-10T04:30:02.534533
Crawl executable: /opt/google/chrome/google-chrome
Crawl site: https://dappradar.com/rankings
Crawl pages: 1.0
Crawl DApps Index Length: 51 at index -1
Crawl DApps: 50
DApp https://dappradar.com/app/944/my-crypto-heroes
DApp https://dappradar.com/tron/440/tronhives
DApp https://dappradar.com/tron/2/wink
DApp https://dappradar.com/eos/1059/eos-dynasty
DApp https://dappradar.com/tron/370/rocketgame
DApp https://dappradar.com/tron/22/888tron
DApp https://dappradar.com/tron/366/tiger-vs-dragon
DApp https://dappradar.com/tron/320/tronwatch-market
DApp https://dappradar.com/tron/70/trontrade
DApp https://dappradar.com/app/791/makerdao
DApp https://dappradar.com/app/1332/playtowin-io
DApp https://dappradar.com/eos/669/newdex
DApp https://dappradar.com/tron/246/roulette-live
DApp https://dappradar.com/app/644/0xuniverse
DApp https://dappradar.com/tron/492/catpromotion
DApp https://dappradar.com/app/1585/x2bet-win
DApp https://dappradar.com/tron/391/video-poker
DApp https://dappradar.com/app/1558/hypersnakes
DApp https://dappradar.com/tron/358/blackjack
DApp https://dappradar.com/tron/430/dragon7
DApp https://dappradar.com/app/1469/cryptodozer
DApp https://dappradar.com/eos/652/eos-knights
DApp https://dappradar.com/eos/731/eos-royale
DApp https://dappradar.com/app/1611/cryptospells
DApp https://dappradar.com/eos/976/prospectors
DApp https://dappradar.com/eos/706/dice
DApp https://dappradar.com/tron/496/tewkenaire
DApp https://dappradar.com/tron/359/queen-vs-king
DApp https://dappradar.com/app/1687/yolorekt
DApp https://dappradar.com/tron/399/high-low
DApp https://dappradar.com/tron/489/tronfund-io
DApp https://dappradar.com/tron/222/big-small
DApp https://dappradar.com/tron/204/goodluck-casino
DApp https://dappradar.com/ont/4/hyperdragons-go
DApp https://dappradar.com/tron/363/baccarat-live
DApp https://dappradar.com/tron/502/betfury
DApp https://dappradar.com/ont/1/hypersnakes
DApp https://dappradar.com/tron/487/enme
DApp https://dappradar.com/app/249/blockchain-cuties
DApp https://dappradar.com/thundercore/7/slots
DApp https://dappradar.com/iost/22/iost-dex
DApp https://dappradar.com/tron/21/trxmarket
DApp https://dappradar.com/tron/202/bankroll
DApp https://dappradar.com/eos/1080/crypto-sword-magic
DApp https://dappradar.com/tron/446/cryptofriends
DApp https://dappradar.com/ont/47/cryptothrone
DApp https://dappradar.com/eos/1169/eosmmm
DApp https://dappradar.com/tron/429/7tron
DApp https://dappradar.com/app/138/forkdelta
DApp https://dappradar.com/app/266/kyber
Plotting...

 [1m The new dapps added: 2 DApps[0m 

    Name   category  Balance   User  Volume24   Txn24 platform                            github facebook                         twitter  \
46  NEST      other      0.0  324.0       0.0   329.0      ETH  https://github.com/NEST-Protocol      NaN    https://twitter.com/NestCore   
49  IDEX  exchanges  41700.0  298.0  167600.0  3800.0      ETH                               NaN      NaN  https://twitter.com/aurora_dao   

                                        telegram                         medium youtube                               reddit  \
46                      https://t.me/nestdapp_en                            NaN     NaN                                  NaN   
49  https://t.me/joinchat/FT1IVA8AWHiyUkU3adehxA  https://medium.com/aurora-dao     NaN  https://www.reddit.com/r/auroradao/   

                                   dappLink  smartContract  
46  https://dappradar.com/eth/clickout/1356              4  
49   https://dappradar.com/eth/clickout/165              1  

 [1m The removed dapps: 2 DApps [0m 

         Name   category    Balance   User  Volume24   Txn24 platform github facebook                         twitter              telegram  \
35    BETFURY   gambling  3100000.0  478.0   35300.0  4000.0     TRON   null     null  https://twitter.com/betfury_io  https://t.me/Betfury   
48  ForkDelta  exchanges    23300.0  275.0   18600.0   967.0      ETH   null     null                            null                  null   

                           medium youtube reddit                                 dappLink  smartContract  
35  https://medium.com/betfury-io    null   null  https://dappradar.com/tron/clickout/502              1  
48                           null    null   null   https://dappradar.com/eth/clickout/138              1  
Finished: 2019-11-10T04:31:48.124061
Crawl date: 2019-11-11T04:30:21.949406
Crawl executable: /opt/google/chrome/google-chrome
Crawl site: https://dappradar.com/rankings
Crawl pages: 1.0
Crawl DApps Index Length: 51 at index -1
Crawl DApps: 50
DApp https://dappradar.com/app/944/my-crypto-heroes
DApp https://dappradar.com/tron/2/wink
DApp https://dappradar.com/eos/1059/eos-dynasty
DApp https://dappradar.com/tron/440/tronhives
DApp https://dappradar.com/tron/370/rocketgame
DApp https://dappradar.com/tron/22/888tron
DApp https://dappradar.com/tron/366/tiger-vs-dragon
DApp https://dappradar.com/tron/320/tronwatch-market
DApp https://dappradar.com/app/791/makerdao
DApp https://dappradar.com/tron/70/trontrade
DApp https://dappradar.com/eos/669/newdex
DApp https://dappradar.com/app/1332/playtowin-io
DApp https://dappradar.com/tron/246/roulette-live
DApp https://dappradar.com/app/644/0xuniverse
DApp https://dappradar.com/app/1585/x2bet-win
DApp https://dappradar.com/tron/492/catpromotion
DApp https://dappradar.com/tron/391/video-poker
DApp https://dappradar.com/app/1687/yolorekt
DApp https://dappradar.com/tron/358/blackjack
DApp https://dappradar.com/app/1558/hypersnakes
DApp https://dappradar.com/eos/706/dice
DApp https://dappradar.com/tron/430/dragon7
DApp https://dappradar.com/app/1469/cryptodozer
DApp https://dappradar.com/tron/496/tewkenaire
DApp https://dappradar.com/eos/731/eos-royale
DApp https://dappradar.com/eos/652/eos-knights
DApp https://dappradar.com/tron/359/queen-vs-king
DApp https://dappradar.com/eos/976/prospectors
DApp https://dappradar.com/ont/4/hyperdragons-go
DApp https://dappradar.com/tron/502/betfury
DApp https://dappradar.com/tron/399/high-low
DApp https://dappradar.com/tron/489/tronfund-io
DApp https://dappradar.com/tron/204/goodluck-casino
DApp https://dappradar.com/tron/363/baccarat-live
DApp https://dappradar.com/tron/222/big-small
DApp https://dappradar.com/tron/487/enme
DApp https://dappradar.com/ont/1/hypersnakes
DApp https://dappradar.com/app/249/blockchain-cuties
DApp https://dappradar.com/tron/202/bankroll
DApp https://dappradar.com/app/1611/cryptospells
DApp https://dappradar.com/tron/21/trxmarket
DApp https://dappradar.com/eos/1080/crypto-sword-magic
Bailout smart contracts: https://dappradar.com/eos/1080/crypto-sword-magic
DApp https://dappradar.com/tron/446/cryptofriends
DApp https://dappradar.com/ont/47/cryptothrone
DApp https://dappradar.com/eos/1169/eosmmm
DApp https://dappradar.com/app/165/idex
DApp https://dappradar.com/app/266/kyber
DApp https://dappradar.com/app/138/forkdelta
DApp https://dappradar.com/thundercore/7/slots
DApp https://dappradar.com/tron/429/7tron
Plotting...

 [1m The new dapps added: 1 DApps[0m 

        Name   category   Balance   User  Volume24   Txn24 platform github facebook twitter telegram medium youtube reddit  \
40  IOST Dex  exchanges  871300.0  393.0    2800.0  3400.0     IOST    NaN      NaN     NaN      NaN    NaN     NaN    NaN   

                                  dappLink  smartContract  
40  https://dappradar.com/iost/clickout/22              1  

 [1m The removed dapps: 1 DApps [0m 

    Name   category  Balance   User  Volume24   Txn24 platform github facebook                         twitter  \
45  IDEX  exchanges  41500.0  294.0  144100.0  3200.0      ETH   null     null  https://twitter.com/aurora_dao   

                                        telegram                         medium youtube                               reddit  \
45  https://t.me/joinchat/FT1IVA8AWHiyUkU3adehxA  https://medium.com/aurora-dao    null  https://www.reddit.com/r/auroradao/   

                                  dappLink  smartContract  
45  https://dappradar.com/eth/clickout/165              1  
Finished: 2019-11-11T04:32:34.573084
Crawl date: 2019-11-12T04:30:10.410855
Crawl executable: /opt/google/chrome/google-chrome
Crawl site: https://dappradar.com/rankings
Crawl pages: 1.0
Crawl DApps Index Length: 51 at index -1
Crawl DApps: 50
DApp https://dappradar.com/tron/440/tronhives
DApp https://dappradar.com/app/944/my-crypto-heroes
DApp https://dappradar.com/tron/2/wink
DApp https://dappradar.com/eos/1059/eos-dynasty
DApp https://dappradar.com/tron/370/rocketgame
DApp https://dappradar.com/tron/22/888tron
DApp https://dappradar.com/app/791/makerdao
DApp https://dappradar.com/tron/366/tiger-vs-dragon
DApp https://dappradar.com/tron/70/trontrade
DApp https://dappradar.com/tron/320/tronwatch-market
Bailout smart contracts: https://dappradar.com/tron/320/tronwatch-market
DApp https://dappradar.com/app/1332/playtowin-io
DApp https://dappradar.com/tron/246/roulette-live
DApp https://dappradar.com/eos/669/newdex
DApp https://dappradar.com/tron/492/catpromotion
DApp https://dappradar.com/app/1585/x2bet-win
DApp https://dappradar.com/app/644/0xuniverse
DApp https://dappradar.com/tron/391/video-poker
DApp https://dappradar.com/tron/358/blackjack
DApp https://dappradar.com/app/1558/hypersnakes
DApp https://dappradar.com/app/1469/cryptodozer
DApp https://dappradar.com/tron/430/dragon7
DApp https://dappradar.com/app/1687/yolorekt
DApp https://dappradar.com/eos/731/eos-royale
DApp https://dappradar.com/tron/502/betfury
DApp https://dappradar.com/ont/4/hyperdragons-go
DApp https://dappradar.com/tron/359/queen-vs-king
DApp https://dappradar.com/eos/652/eos-knights
DApp https://dappradar.com/tron/496/tewkenaire
DApp https://dappradar.com/eos/976/prospectors
DApp https://dappradar.com/tron/222/big-small
DApp https://dappradar.com/tron/399/high-low
DApp https://dappradar.com/tron/489/tronfund-io
DApp https://dappradar.com/tron/363/baccarat-live
DApp https://dappradar.com/ont/1/hypersnakes
DApp https://dappradar.com/tron/204/goodluck-casino
DApp https://dappradar.com/eos/706/dice
DApp https://dappradar.com/tron/487/enme
DApp https://dappradar.com/app/1611/cryptospells
Bailout social: https://dappradar.com/app/1611/cryptospells
Bailout smart contracts: https://dappradar.com/app/1611/cryptospells
DApp https://dappradar.com/app/249/blockchain-cuties
DApp https://dappradar.com/tron/21/trxmarket
DApp https://dappradar.com/eos/1080/crypto-sword-magic
DApp https://dappradar.com/iost/22/iost-dex
DApp https://dappradar.com/tron/202/bankroll
Bailout social: https://dappradar.com/tron/202/bankroll
Bailout smart contracts: https://dappradar.com/tron/202/bankroll
DApp https://dappradar.com/tron/429/7tron
DApp https://dappradar.com/tron/446/cryptofriends
DApp https://dappradar.com/app/165/idex
DApp https://dappradar.com/eos/1169/eosmmm
DApp https://dappradar.com/app/138/forkdelta
DApp https://dappradar.com/app/266/kyber
DApp https://dappradar.com/app/1657/smartex
Plotting...

 [1m The new dapps added: 2 DApps[0m 

                      Name  category   Balance   User  Volume24   Txn24     platform github facebook twitter telegram medium youtube reddit  \
43  CryptoThrone 加密王座-无限世界     games       0.0  329.0     607.0  1400.0          ONT    NaN      NaN     NaN      NaN    NaN     NaN    NaN   
48                   Slots  gambling  418300.0  287.0      27.0  9300.0  ThunderCore    NaN      NaN     NaN      NaN    NaN     NaN    NaN   

                                        dappLink  smartContract  
43         https://dappradar.com/ont/clickout/47              1  
48  https://dappradar.com/thundercore/clickout/7              1  

 [1m The removed dapps: 2 DApps [0m 

        Name   category   Balance   User  Volume24   Txn24 platform github facebook twitter telegram medium youtube reddit  \
41  IOST Dex  exchanges  812300.0  384.0    1900.0  5900.0     IOST   null     null    null     null   null    null   null   
49   Smartex  high-risk       0.0  277.0   35000.0   283.0      ETH   null     null    null     null   null    null   null   

                                   dappLink  smartContract  
41   https://dappradar.com/iost/clickout/22              1  
49  https://dappradar.com/eth/clickout/1657              1  
Finished: 2019-11-12T04:32:09.260023
Crawl date: 2019-11-13T04:30:11.183582
Crawl executable: /opt/google/chrome/google-chrome
Crawl site: https://dappradar.com/rankings
Crawl pages: 1.0
Crawl DApps Index Length: 51 at index -1
Crawl DApps: 50
DApp https://dappradar.com/tron/440/tronhives
DApp https://dappradar.com/app/944/my-crypto-heroes
DApp https://dappradar.com/tron/2/wink
DApp https://dappradar.com/tron/22/888tron
DApp https://dappradar.com/eos/1059/eos-dynasty
DApp https://dappradar.com/tron/370/rocketgame
DApp https://dappradar.com/app/791/makerdao
DApp https://dappradar.com/tron/366/tiger-vs-dragon
DApp https://dappradar.com/tron/70/trontrade
DApp https://dappradar.com/tron/320/tronwatch-market
Bailout smart contracts: https://dappradar.com/tron/320/tronwatch-market
DApp https://dappradar.com/app/1332/playtowin-io
DApp https://dappradar.com/tron/246/roulette-live
DApp https://dappradar.com/eos/669/newdex
DApp https://dappradar.com/app/1687/yolorekt
DApp https://dappradar.com/tron/492/catpromotion
Bailout smart contracts: https://dappradar.com/tron/492/catpromotion
DApp https://dappradar.com/app/1558/hypersnakes
DApp https://dappradar.com/tron/391/video-poker
DApp https://dappradar.com/app/1585/x2bet-win
DApp https://dappradar.com/tron/358/blackjack
DApp https://dappradar.com/app/1469/cryptodozer
DApp https://dappradar.com/tron/430/dragon7
DApp https://dappradar.com/eos/731/eos-royale
DApp https://dappradar.com/app/644/0xuniverse
DApp https://dappradar.com/tron/502/betfury
DApp https://dappradar.com/tron/359/queen-vs-king
DApp https://dappradar.com/ont/4/hyperdragons-go
DApp https://dappradar.com/tron/496/tewkenaire
DApp https://dappradar.com/tron/399/high-low
DApp https://dappradar.com/tron/489/tronfund-io
DApp https://dappradar.com/tron/363/baccarat-live
DApp https://dappradar.com/tron/222/big-small
Bailout social: https://dappradar.com/tron/222/big-small
Bailout smart contracts: https://dappradar.com/tron/222/big-small
DApp https://dappradar.com/eos/976/prospectors
DApp https://dappradar.com/eos/652/eos-knights
DApp https://dappradar.com/eos/706/dice
DApp https://dappradar.com/tron/487/enme
DApp https://dappradar.com/ont/1/hypersnakes
DApp https://dappradar.com/app/1611/cryptospells
DApp https://dappradar.com/app/249/blockchain-cuties
DApp https://dappradar.com/tron/21/trxmarket
DApp https://dappradar.com/iost/22/iost-dex
DApp https://dappradar.com/tron/202/bankroll
DApp https://dappradar.com/tron/446/cryptofriends
DApp https://dappradar.com/app/1657/smartex
DApp https://dappradar.com/tron/204/goodluck-casino
DApp https://dappradar.com/app/1545/imtoken-tokenlon
DApp https://dappradar.com/eos/1080/crypto-sword-magic
DApp https://dappradar.com/app/266/kyber
DApp https://dappradar.com/app/165/idex
DApp https://dappradar.com/app/138/forkdelta
DApp https://dappradar.com/eos/1169/eosmmm
Plotting...

 [1m The new dapps added: 1 DApps[0m 

     Name  category  Balance   User  Volume24    Txn24 platform github facebook                        twitter  \
43  7Tron  gambling  90800.0  345.0  108500.0  22000.0     TRON    NaN      NaN  https://twitter.com/dapp7tron   

                                        telegram medium youtube reddit                                 dappLink  smartContract  
43  https://t.me/joinchat/NSL7tBRKcFNxinz-qO3kmw    NaN     NaN    NaN  https://dappradar.com/tron/clickout/429              5  

 [1m The removed dapps: 1 DApps [0m 

                Name   category  Balance   User  Volume24   Txn24 platform github facebook                       twitter                telegram  \
44  imToken Tokenlon  exchanges      0.0  327.0  225400.0  1700.0      ETH   null     null  https://twitter.com/Tokenlon  https://t.me/imTokenEN   

   medium youtube reddit                                 dappLink  smartContract  
44   null    null   null  https://dappradar.com/eth/clickout/1545              1  
Finished: 2019-11-13T04:32:15.302696
Crawl date: 2019-11-14T04:30:14.130828
Crawl executable: /opt/google/chrome/google-chrome
Crawl site: https://dappradar.com/rankings
Crawl pages: 1.0
Crawl DApps Index Length: 51 at index -1
Crawl DApps: 50
DApp https://dappradar.com/app/944/my-crypto-heroes
DApp https://dappradar.com/tron/370/rocketgame
DApp https://dappradar.com/tron/2/wink
DApp https://dappradar.com/tron/22/888tron
DApp https://dappradar.com/app/791/makerdao
DApp https://dappradar.com/eos/1059/eos-dynasty
DApp https://dappradar.com/tron/440/tronhives
DApp https://dappradar.com/tron/366/tiger-vs-dragon
DApp https://dappradar.com/tron/70/trontrade
DApp https://dappradar.com/tron/320/tronwatch-market
DApp https://dappradar.com/app/1332/playtowin-io
DApp https://dappradar.com/tron/246/roulette-live
DApp https://dappradar.com/eos/669/newdex
DApp https://dappradar.com/app/644/0xuniverse
DApp https://dappradar.com/app/1687/yolorekt
DApp https://dappradar.com/tron/492/catpromotion
DApp https://dappradar.com/tron/391/video-poker
DApp https://dappradar.com/app/1558/hypersnakes
DApp https://dappradar.com/tron/358/blackjack
DApp https://dappradar.com/app/1585/x2bet-win
DApp https://dappradar.com/tron/502/betfury
DApp https://dappradar.com/tron/430/dragon7
DApp https://dappradar.com/app/1469/cryptodozer
DApp https://dappradar.com/tron/359/queen-vs-king
DApp https://dappradar.com/eos/731/eos-royale
DApp https://dappradar.com/tron/399/high-low
DApp https://dappradar.com/tron/489/tronfund-io
DApp https://dappradar.com/ont/4/hyperdragons-go
DApp https://dappradar.com/tron/363/baccarat-live
DApp https://dappradar.com/tron/222/big-small
DApp https://dappradar.com/eos/976/prospectors
DApp https://dappradar.com/eos/652/eos-knights
DApp https://dappradar.com/ont/1/hypersnakes
DApp https://dappradar.com/tron/496/tewkenaire
DApp https://dappradar.com/app/249/blockchain-cuties
DApp https://dappradar.com/app/1611/cryptospells
DApp https://dappradar.com/tron/487/enme
DApp https://dappradar.com/iost/22/iost-dex
DApp https://dappradar.com/app/165/idex
DApp https://dappradar.com/tron/204/goodluck-casino
DApp https://dappradar.com/eos/706/dice
DApp https://dappradar.com/tron/202/bankroll
DApp https://dappradar.com/tron/21/trxmarket
DApp https://dappradar.com/tron/446/cryptofriends
DApp https://dappradar.com/eos/1080/crypto-sword-magic
DApp https://dappradar.com/app/266/kyber
DApp https://dappradar.com/eos/1169/eosmmm
DApp https://dappradar.com/tron/429/7tron
DApp https://dappradar.com/app/138/forkdelta
DApp https://dappradar.com/app/1657/smartex
Plotting...

 [1m The new dapps added: 1 DApps[0m 

                Name   category  Balance   User  Volume24   Txn24 platform github facebook                       twitter                telegram  \
44  imToken Tokenlon  exchanges      0.0  327.0  225400.0  1700.0      ETH    NaN      NaN  https://twitter.com/Tokenlon  https://t.me/imTokenEN   

   medium youtube reddit                                 dappLink  smartContract  
44    NaN     NaN    NaN  https://dappradar.com/eth/clickout/1545              1  

 [1m The removed dapps: 1 DApps [0m 

     Name  category   Balance   User  Volume24    Txn24 platform github facebook                        twitter  \
47  7Tron  gambling  178600.0  307.0  124500.0  24400.0     TRON   null     null  https://twitter.com/dapp7tron   

                                        telegram medium youtube reddit                                 dappLink  smartContract  
47  https://t.me/joinchat/NSL7tBRKcFNxinz-qO3kmw   null    null   null  https://dappradar.com/tron/clickout/429              5  
Finished: 2019-11-14T04:32:31.065984
Crawl date: 2019-11-15T04:30:15.369155
Crawl executable: /opt/google/chrome/google-chrome
Crawl site: https://dappradar.com/rankings
Crawl pages: 1.0
Crawl DApps Index Length: 51 at index -1
Crawl DApps: 50
DApp https://dappradar.com/tron/440/tronhives
DApp https://dappradar.com/app/944/my-crypto-heroes
DApp https://dappradar.com/app/791/makerdao
DApp https://dappradar.com/tron/2/wink
DApp https://dappradar.com/tron/22/888tron
DApp https://dappradar.com/eos/1059/eos-dynasty
DApp https://dappradar.com/tron/370/rocketgame
DApp https://dappradar.com/tron/366/tiger-vs-dragon
DApp https://dappradar.com/app/1332/playtowin-io
DApp https://dappradar.com/tron/320/tronwatch-market
DApp https://dappradar.com/tron/246/roulette-live
DApp https://dappradar.com/tron/70/trontrade
DApp https://dappradar.com/eos/669/newdex
DApp https://dappradar.com/tron/492/catpromotion
DApp https://dappradar.com/tron/391/video-poker
DApp https://dappradar.com/tron/358/blackjack
DApp https://dappradar.com/app/1558/hypersnakes
DApp https://dappradar.com/tron/502/betfury
DApp https://dappradar.com/app/1469/cryptodozer
DApp https://dappradar.com/app/644/0xuniverse
DApp https://dappradar.com/app/1585/x2bet-win
DApp https://dappradar.com/tron/430/dragon7
DApp https://dappradar.com/ont/4/hyperdragons-go
DApp https://dappradar.com/tron/359/queen-vs-king
DApp https://dappradar.com/app/1687/yolorekt
DApp https://dappradar.com/tron/399/high-low
DApp https://dappradar.com/tron/489/tronfund-io
DApp https://dappradar.com/tron/222/big-small
DApp https://dappradar.com/tron/363/baccarat-live
Bailout social: https://dappradar.com/tron/363/baccarat-live
Bailout smart contracts: https://dappradar.com/tron/363/baccarat-live
DApp https://dappradar.com/tron/496/tewkenaire
DApp https://dappradar.com/ont/1/hypersnakes
DApp https://dappradar.com/eos/731/eos-royale
DApp https://dappradar.com/app/1611/cryptospells
DApp https://dappradar.com/app/249/blockchain-cuties
DApp https://dappradar.com/eos/652/eos-knights
DApp https://dappradar.com/eos/976/prospectors
DApp https://dappradar.com/tron/487/enme
DApp https://dappradar.com/tron/21/trxmarket
DApp https://dappradar.com/app/266/kyber
DApp https://dappradar.com/iost/22/iost-dex
DApp https://dappradar.com/tron/202/bankroll
DApp https://dappradar.com/tron/446/cryptofriends
DApp https://dappradar.com/app/165/idex
DApp https://dappradar.com/app/1728/etherhives
DApp https://dappradar.com/app/138/forkdelta
DApp https://dappradar.com/tron/429/7tron
DApp https://dappradar.com/eos/1169/eosmmm
DApp https://dappradar.com/tron/253/evolutions
DApp https://dappradar.com/tron/417/frag-raffle
DApp https://dappradar.com/eos/1080/crypto-sword-magic
Plotting...

 [1m The new dapps added: 3 DApps[0m 

               Name   category   Balance   User  Volume24    Txn24 platform github                                           facebook  \
39  GoodLuck Casino   gambling  165800.0  361.0     421.0    378.0     TRON    NaN  https://www.facebook.com/Good-Luck-Casino-1972...   
40             Dice   gambling  230200.0  353.0   86500.0  32100.0      EOS    NaN                                                NaN   
49          Smartex  high-risk       0.0  287.0   37200.0    295.0      ETH    NaN                                                NaN   

                               twitter                     telegram medium youtube reddit                                 dappLink  smartContract  
39  https://twitter.com/casinogoodluck  https://t.me/goodluckcasino    NaN     NaN    NaN  https://dappradar.com/tron/clickout/204              1  
40        https://twitter.com/dice1_en        https://t.me/dice1_en    NaN     NaN    NaN   https://dappradar.com/eos/clickout/706             18  
49                                 NaN                          NaN    NaN     NaN    NaN  https://dappradar.com/eth/clickout/1657              1  

 [1m The removed dapps: 3 DApps [0m 

           Name   category  Balance   User  Volume24   Txn24 platform github facebook                           twitter                   telegram  \
43   EtherHives  high-risk   1100.0  326.0   50900.0  1300.0      ETH   null     null  https://twitter.com/BeehiveDApps  https://t.me/beehive_game   
47   Evolutions  high-risk  50100.0  282.0     304.0   326.0     TRON   null     null                              null                       null   
48  Frag Raffle   gambling      0.0  262.0      51.0   269.0     TRON   null     null     https://twitter.com/FragToken     https://t.me/fragtoken   

   medium                               youtube reddit                                 dappLink  smartContract  
43   null  https://www.youtube.com/beehivedapps   null  https://dappradar.com/eth/clickout/1728              1  
47   null                                  null   null  https://dappradar.com/tron/clickout/253              2  
48   null                                  null   null  https://dappradar.com/tron/clickout/417              2  
Finished: 2019-11-15T04:32:29.780987
Crawl date: 2019-11-16T04:30:12.448272
Crawl executable: /opt/google/chrome/google-chrome
Crawl site: https://dappradar.com/rankings
Crawl pages: 1.0
Crawl DApps Index Length: 51 at index -1
Crawl DApps: 50
DApp https://dappradar.com/app/944/my-crypto-heroes
DApp https://dappradar.com/tron/440/tronhives
DApp https://dappradar.com/app/791/makerdao
DApp https://dappradar.com/tron/370/rocketgame
DApp https://dappradar.com/tron/2/wink
DApp https://dappradar.com/tron/22/888tron
DApp https://dappradar.com/eos/1059/eos-dynasty
DApp https://dappradar.com/tron/366/tiger-vs-dragon
DApp https://dappradar.com/app/1332/playtowin-io
DApp https://dappradar.com/tron/320/tronwatch-market
DApp https://dappradar.com/tron/246/roulette-live
DApp https://dappradar.com/tron/70/trontrade
DApp https://dappradar.com/eos/669/newdex
DApp https://dappradar.com/tron/502/betfury
DApp https://dappradar.com/tron/492/catpromotion
DApp https://dappradar.com/tron/391/video-poker
DApp https://dappradar.com/tron/358/blackjack
DApp https://dappradar.com/app/1558/hypersnakes
DApp https://dappradar.com/tron/430/dragon7
DApp https://dappradar.com/app/1469/cryptodozer
DApp https://dappradar.com/eos/731/eos-royale
DApp https://dappradar.com/tron/359/queen-vs-king
DApp https://dappradar.com/app/1585/x2bet-win
DApp https://dappradar.com/ont/4/hyperdragons-go
DApp https://dappradar.com/app/644/0xuniverse
DApp https://dappradar.com/tron/399/high-low
DApp https://dappradar.com/tron/222/big-small
DApp https://dappradar.com/tron/363/baccarat-live
DApp https://dappradar.com/tron/489/tronfund-io
DApp https://dappradar.com/eos/652/eos-knights
DApp https://dappradar.com/ont/1/hypersnakes
DApp https://dappradar.com/eos/976/prospectors
DApp https://dappradar.com/app/1687/yolorekt
DApp https://dappradar.com/eos/706/dice
Bailout social: https://dappradar.com/eos/706/dice
Bailout smart contracts: https://dappradar.com/eos/706/dice
DApp https://dappradar.com/tron/496/tewkenaire
DApp https://dappradar.com/app/1611/cryptospells
DApp https://dappradar.com/tron/487/enme
DApp https://dappradar.com/iost/22/iost-dex
DApp https://dappradar.com/app/249/blockchain-cuties
DApp https://dappradar.com/tron/21/trxmarket
DApp https://dappradar.com/tron/202/bankroll
DApp https://dappradar.com/app/266/kyber
DApp https://dappradar.com/tron/446/cryptofriends
DApp https://dappradar.com/app/165/idex
DApp https://dappradar.com/tron/429/7tron
DApp https://dappradar.com/eos/1169/eosmmm
DApp https://dappradar.com/eos/1124/spinach
DApp https://dappradar.com/app/1602/uniswap
DApp https://dappradar.com/app/138/forkdelta
DApp https://dappradar.com/iost/32/crypto-sanguo
Plotting...

 [1m The new dapps added: 4 DApps[0m 

                    Name   category   Balance   User  Volume24   Txn24 platform github facebook                              twitter  \
43            EtherHives  high-risk   1100.00  326.0   50900.0  1300.0      ETH    NaN      NaN     https://twitter.com/BeehiveDApps   
47            Evolutions  high-risk  50100.00  282.0     304.0   326.0     TRON    NaN      NaN                                  NaN   
48           Frag Raffle   gambling      0.00  262.0      51.0   269.0     TRON    NaN      NaN        https://twitter.com/FragToken   
49  Crypto Sword & Magic      games    489.16  259.0     880.0  1700.0      EOS    NaN      NaN  https://twitter.com/sword_and_magic   

                     telegram                                 medium                               youtube reddit  \
43  https://t.me/beehive_game                                    NaN  https://www.youtube.com/beehivedapps    NaN   
47                        NaN                                    NaN                                   NaN    NaN   
48     https://t.me/fragtoken                                    NaN                                   NaN    NaN   
49     https://t.me/cryptosnm  https://medium.com/crypto-sword-magic                                   NaN    NaN   

                                   dappLink  smartContract  
43  https://dappradar.com/eth/clickout/1728              1  
47  https://dappradar.com/tron/clickout/253              2  
48  https://dappradar.com/tron/clickout/417              2  
49  https://dappradar.com/eos/clickout/1080              2  

 [1m The removed dapps: 4 DApps [0m 

             Name   category    Balance   User   Volume24     Txn24 platform github facebook                           twitter  \
33           Dice   gambling   236200.0  459.0  4900000.0  295800.0      EOS   null     null                              null   
46        Spinach   gambling    19200.0  287.0   139700.0   22700.0      EOS   null     null                              null   
47        Uniswap  exchanges    35100.0  276.0   316600.0     606.0      ETH   null     null                              null   
49  Crypto Sanguo      games  3100000.0  269.0      477.0   21100.0     IOST   null     null  https://twitter.com/CryptoSanguo   

                 telegram                                             medium youtube reddit                                 dappLink  smartContract  
33                   null                                               null    null   null                                                       0  
46  https://t.me/SpinachE                                               null    null   null  https://dappradar.com/eos/clickout/1124              8  
47                   null                                               null    null   null  https://dappradar.com/eth/clickout/1602             35  
49                   null  https://medium.com/@cryptosanguo/crypto-sanguo...    null   null   https://dappradar.com/iost/clickout/32             11  
Finished: 2019-11-16T04:32:20.866489
Crawl date: 2019-11-17T04:30:16.986071
Crawl executable: /opt/google/chrome/google-chrome
Crawl site: https://dappradar.com/rankings
Crawl pages: 1.0
Crawl DApps Index Length: 50 at index -1
Crawl DApps: 50
DApp https://dappradar.com/tron/440/tronhives
DApp https://dappradar.com/eos/1059/eos-dynasty
DApp https://dappradar.com/app/791/makerdao
DApp https://dappradar.com/tron/370/rocketgame
DApp https://dappradar.com/tron/2/wink
DApp https://dappradar.com/tron/366/tiger-vs-dragon
DApp https://dappradar.com/tron/502/betfury
DApp https://dappradar.com/tron/320/tronwatch-market
DApp https://dappradar.com/eos/669/newdex
DApp https://dappradar.com/app/1332/playtowin-io
DApp https://dappradar.com/tron/246/roulette-live
DApp https://dappradar.com/tron/70/trontrade
DApp https://dappradar.com/app/644/0xuniverse
DApp https://dappradar.com/tron/391/video-poker
DApp https://dappradar.com/app/1558/hypersnakes
DApp https://dappradar.com/tron/492/catpromotion
DApp https://dappradar.com/tron/358/blackjack
DApp https://dappradar.com/app/1585/x2bet-win
DApp https://dappradar.com/tron/430/dragon7
DApp https://dappradar.com/app/1469/cryptodozer
DApp https://dappradar.com/eos/731/eos-royale
DApp https://dappradar.com/tron/359/queen-vs-king
DApp https://dappradar.com/ont/4/hyperdragons-go
DApp https://dappradar.com/tron/399/high-low
DApp https://dappradar.com/tron/489/tronfund-io
DApp https://dappradar.com/tron/363/baccarat-live
DApp https://dappradar.com/tron/222/big-small
DApp https://dappradar.com/eos/652/eos-knights
DApp https://dappradar.com/ont/1/hypersnakes
DApp https://dappradar.com/eos/976/prospectors
DApp https://dappradar.com/tron/496/tewkenaire
DApp https://dappradar.com/tron/487/enme
DApp https://dappradar.com/app/1611/cryptospells
DApp https://dappradar.com/app/249/blockchain-cuties
DApp https://dappradar.com/app/266/kyber
DApp https://dappradar.com/eos/1124/spinach
Bailout smart contracts: https://dappradar.com/eos/1124/spinach
DApp https://dappradar.com/eos/1169/eosmmm
DApp https://dappradar.com/tron/446/cryptofriends
DApp https://dappradar.com/tron/202/bankroll
DApp https://dappradar.com/tron/21/trxmarket
DApp https://dappradar.com/tron/429/7tron
DApp https://dappradar.com/eos/706/dice
DApp https://dappradar.com/eos/777/whaleex
DApp https://dappradar.com/app/1687/yolorekt
DApp https://dappradar.com/eos/1080/crypto-sword-magic
DApp https://dappradar.com/app/165/idex
DApp https://dappradar.com/iost/32/crypto-sanguo
DApp https://dappradar.com/tron/22/888tron
DApp https://dappradar.com/tron/417/frag-raffle
Plotting...

 [1m The new dapps added: 4 DApps[0m 

                Name   category     Balance    User  Volume24   Txn24 platform github                                     facebook  \
0   My Crypto Heroes      games      229.12  2900.0     559.0  3500.0      ETH    NaN  https://www.facebook.com/mycryptoheroesMCH/   
37          IOST Dex  exchanges  1300000.00   399.0    5500.0  2600.0     IOST    NaN                                          NaN   
47           Uniswap  exchanges    35100.00   276.0  316600.0   606.0      ETH    NaN                                          NaN   
48         ForkDelta  exchanges    23000.00   275.0   62700.0  1100.0      ETH    NaN                                          NaN   

                                twitter telegram medium youtube                                    reddit                                 dappLink  \
0   https://twitter.com/mycryptoheroes_      NaN    NaN     NaN  https://www.reddit.com/r/mycryptoheroes/   https://dappradar.com/eth/clickout/944   
37                                  NaN      NaN    NaN     NaN                                       NaN   https://dappradar.com/iost/clickout/22   
47                                  NaN      NaN    NaN     NaN                                       NaN  https://dappradar.com/eth/clickout/1602   
48                                  NaN      NaN    NaN     NaN                                       NaN   https://dappradar.com/eth/clickout/138   

    smartContract  
0              25  
37              1  
47             35  
48              1  

 [1m The removed dapps: 3 DApps [0m 

                    Name   category   Balance   User  Volume24     Txn24 platform github facebook                              twitter  \
42               WhaleEx  exchanges  77100.00  281.0  322500.0  101100.0      EOS   null     null    https://twitter.com/WhaleExchange   
44  Crypto Sword & Magic      games    699.81  274.0    1000.0    2300.0      EOS   null     null  https://twitter.com/sword_and_magic   
48           Frag Raffle   gambling      0.00  250.0      49.0     263.0     TRON   null     null        https://twitter.com/FragToken   

                     telegram                                 medium youtube reddit                                 dappLink  smartContract  
42  https://t.me/WhaleExGroup                                   null    null   null   https://dappradar.com/eos/clickout/777              1  
44     https://t.me/cryptosnm  https://medium.com/crypto-sword-magic    null   null  https://dappradar.com/eos/clickout/1080              2  
48     https://t.me/fragtoken                                   null    null   null  https://dappradar.com/tron/clickout/417              2  
Finished: 2019-11-17T04:32:37.605814
Crawl date: 2019-11-18T04:30:18.224223
Crawl executable: /opt/google/chrome/google-chrome
Crawl site: https://dappradar.com/rankings
Crawl pages: 1.0
Crawl DApps Index Length: 50 at index -1
Crawl DApps: 50
DApp https://dappradar.com/tron/440/tronhives
DApp https://dappradar.com/app/944/my-crypto-heroes
DApp https://dappradar.com/tron/2/wink
DApp https://dappradar.com/tron/22/888tron
DApp https://dappradar.com/app/791/makerdao
DApp https://dappradar.com/eos/1059/eos-dynasty
DApp https://dappradar.com/tron/370/rocketgame
DApp https://dappradar.com/tron/366/tiger-vs-dragon
DApp https://dappradar.com/tron/320/tronwatch-market
DApp https://dappradar.com/tron/502/betfury
DApp https://dappradar.com/tron/246/roulette-live
DApp https://dappradar.com/eos/669/newdex
DApp https://dappradar.com/app/1332/playtowin-io
DApp https://dappradar.com/tron/70/trontrade
DApp https://dappradar.com/tron/492/catpromotion
DApp https://dappradar.com/tron/391/video-poker
DApp https://dappradar.com/tron/358/blackjack
DApp https://dappradar.com/app/1558/hypersnakes
DApp https://dappradar.com/app/1585/x2bet-win
DApp https://dappradar.com/tron/430/dragon7
DApp https://dappradar.com/app/1469/cryptodozer
DApp https://dappradar.com/app/644/0xuniverse
DApp https://dappradar.com/ont/4/hyperdragons-go
DApp https://dappradar.com/tron/359/queen-vs-king
DApp https://dappradar.com/eos/731/eos-royale
DApp https://dappradar.com/tron/399/high-low
DApp https://dappradar.com/tron/489/tronfund-io
DApp https://dappradar.com/tron/222/big-small
DApp https://dappradar.com/tron/363/baccarat-live
DApp https://dappradar.com/eos/976/prospectors
DApp https://dappradar.com/ont/1/hypersnakes
DApp https://dappradar.com/app/1687/yolorekt
DApp https://dappradar.com/eos/652/eos-knights
DApp https://dappradar.com/app/266/kyber
DApp https://dappradar.com/tron/496/tewkenaire
DApp https://dappradar.com/tron/487/enme
DApp https://dappradar.com/app/1611/cryptospells
DApp https://dappradar.com/app/249/blockchain-cuties
DApp https://dappradar.com/eos/1169/eosmmm
DApp https://dappradar.com/tron/202/bankroll
DApp https://dappradar.com/tron/21/trxmarket
DApp https://dappradar.com/eos/706/dice
DApp https://dappradar.com/tron/446/cryptofriends
DApp https://dappradar.com/app/1356/nest
DApp https://dappradar.com/eos/777/whaleex
DApp https://dappradar.com/tron/429/7tron
DApp https://dappradar.com/eos/1080/crypto-sword-magic
DApp https://dappradar.com/app/1602/uniswap
DApp https://dappradar.com/app/138/forkdelta
Plotting...

 [1m The new dapps added: 4 DApps[0m 

             Name   category    Balance   User  Volume24    Txn24 platform github facebook                           twitter  \
35        Spinach   gambling    20300.0  360.0  325100.0  23300.0      EOS    NaN      NaN                               NaN   
45           IDEX  exchanges    41100.0  259.0   93300.0   3500.0      ETH    NaN      NaN    https://twitter.com/aurora_dao   
46  Crypto Sanguo      games  3000000.0  252.0     242.0  18400.0     IOST    NaN      NaN  https://twitter.com/CryptoSanguo   
48    Frag Raffle   gambling        0.0  250.0      49.0    263.0     TRON    NaN      NaN     https://twitter.com/FragToken   

                                        telegram                                             medium youtube                               reddit  \
35                                           NaN                                                NaN     NaN                                  NaN   
45  https://t.me/joinchat/FT1IVA8AWHiyUkU3adehxA                      https://medium.com/aurora-dao     NaN  https://www.reddit.com/r/auroradao/   
46                                           NaN  https://medium.com/@cryptosanguo/crypto-sanguo...     NaN                                  NaN   
48                        https://t.me/fragtoken                                                NaN     NaN                                  NaN   

                                   dappLink  smartContract  
35                                      NaN              0  
45   https://dappradar.com/eth/clickout/165              1  
46   https://dappradar.com/iost/clickout/32             11  
48  https://dappradar.com/tron/clickout/417              2  

 [1m The removed dapps: 4 DApps [0m 

                Name   category   Balance    User  Volume24   Txn24 platform                            github  \
1   My Crypto Heroes      games    229.99  2700.0     238.0  3800.0      ETH                              null   
43              NEST      other      0.00   299.0       0.0   351.0      ETH  https://github.com/NEST-Protocol   
47           Uniswap  exchanges  34900.00   273.0  357500.0   638.0      ETH                              null   
48         ForkDelta  exchanges  23200.00   270.0  126500.0  1100.0      ETH                              null   

                                       facebook                              twitter                  telegram medium youtube  \
1   https://www.facebook.com/mycryptoheroesMCH/  https://twitter.com/mycryptoheroes_                      null   null    null   
43                                         null         https://twitter.com/NestCore  https://t.me/nestdapp_en   null    null   
47                                         null                                 null                      null   null    null   
48                                         null                                 null                      null   null    null   

                                      reddit                                 dappLink  smartContract  
1   https://www.reddit.com/r/mycryptoheroes/   https://dappradar.com/eth/clickout/944             25  
43                                      null  https://dappradar.com/eth/clickout/1356              4  
47                                      null  https://dappradar.com/eth/clickout/1602             35  
48                                      null   https://dappradar.com/eth/clickout/138              1  
Finished: 2019-11-18T04:38:56.588804
Crawl date: 2019-11-19T04:30:25.394116
Crawl executable: /opt/google/chrome/google-chrome
Crawl site: https://dappradar.com/rankings
Crawl pages: 1.0
Crawl DApps Index Length: 51 at index -1
Crawl DApps: 50
DApp https://dappradar.com/app/944/my-crypto-heroes
DApp https://dappradar.com/app/791/makerdao
DApp https://dappradar.com/tron/2/wink
DApp https://dappradar.com/tron/370/rocketgame
DApp https://dappradar.com/tron/22/888tron
DApp https://dappradar.com/eos/1059/eos-dynasty
DApp https://dappradar.com/tron/502/betfury
DApp https://dappradar.com/tron/320/tronwatch-market
DApp https://dappradar.com/eos/669/newdex
DApp https://dappradar.com/tron/70/trontrade
DApp https://dappradar.com/app/1687/yolorekt
DApp https://dappradar.com/tron/492/catpromotion
Bailout smart contracts: https://dappradar.com/tron/492/catpromotion
DApp https://dappradar.com/tron/391/video-poker
DApp https://dappradar.com/app/644/0xuniverse
DApp https://dappradar.com/tron/358/blackjack
DApp https://dappradar.com/app/1558/hypersnakes
DApp https://dappradar.com/app/1469/cryptodozer
DApp https://dappradar.com/tron/430/dragon7
DApp https://dappradar.com/app/1585/x2bet-win
DApp https://dappradar.com/tron/359/queen-vs-king
DApp https://dappradar.com/ont/4/hyperdragons-go
DApp https://dappradar.com/tron/399/high-low
DApp https://dappradar.com/tron/489/tronfund-io
DApp https://dappradar.com/tron/363/baccarat-live
DApp https://dappradar.com/tron/204/goodluck-casino
DApp https://dappradar.com/app/266/kyber
DApp https://dappradar.com/eos/652/eos-knights
DApp https://dappradar.com/eos/976/prospectors
DApp https://dappradar.com/ont/1/hypersnakes
DApp https://dappradar.com/app/1611/cryptospells
DApp https://dappradar.com/tron/487/enme
DApp https://dappradar.com/eos/731/eos-royale
DApp https://dappradar.com/app/1602/uniswap
DApp https://dappradar.com/app/249/blockchain-cuties
DApp https://dappradar.com/iost/22/iost-dex
DApp https://dappradar.com/eos/1169/eosmmm
DApp https://dappradar.com/tron/202/bankroll
DApp https://dappradar.com/tron/440/tronhives
DApp https://dappradar.com/tron/446/cryptofriends
DApp https://dappradar.com/tron/21/trxmarket
DApp https://dappradar.com/eos/777/whaleex
DApp https://dappradar.com/tron/496/tewkenaire
DApp https://dappradar.com/app/165/idex
DApp https://dappradar.com/app/1632/millionmoney
DApp https://dappradar.com/app/138/forkdelta
DApp https://dappradar.com/iost/32/crypto-sanguo
DApp https://dappradar.com/eos/1080/crypto-sword-magic
DApp https://dappradar.com/app/1645/dozerbird
DApp https://dappradar.com/tron/429/7tron
DApp https://dappradar.com/tron/417/frag-raffle
Plotting...

 [1m The new dapps added: 6 DApps[0m 

                     Name  category    Balance    User  Volume24     Txn24 platform                            github facebook  \
7   Tiger Vs Dragon - 龙虎斗  gambling    8700.00  1200.0      52.0    1200.0     TRON                               NaN      NaN   
10          Roulette Live  gambling   16500.00   975.0      18.0    1100.0     TRON                               NaN      NaN   
12           Playtowin.io  gambling      24.48   954.0   62900.0    1100.0      ETH                               NaN      NaN   
27              Big&Small  gambling    5800.00   498.0       9.0     558.0     TRON                               NaN      NaN   
41                   Dice  gambling  231300.00   338.0   35200.0  264000.0      EOS                               NaN      NaN   
43                   NEST     other       0.00   299.0       0.0     351.0      ETH  https://github.com/NEST-Protocol      NaN   

                                twitter                                      telegram medium youtube reddit  \
7    https://twitter.com/TigerVsDragon2            https://t.me/tigervsdragonofficial    NaN     NaN    NaN   
10    https://twitter.com/Roulettelive2  https://t.me/joinchat/NIjgehMnq-scjrfXmGVvZQ    NaN     NaN    NaN   
12      https://twitter.com/Playtowinio                    https://t.me/playtowingame    NaN     NaN    NaN   
27  https://twitter.com/BigSmallOffici1                 https://t.me/bigsmallofficial    NaN     NaN    NaN   
41         https://twitter.com/dice1_en                         https://t.me/dice1_en    NaN     NaN    NaN   
43         https://twitter.com/NestCore                      https://t.me/nestdapp_en    NaN     NaN    NaN   

                                   dappLink  smartContract  
7   https://dappradar.com/tron/clickout/366              1  
10  https://dappradar.com/tron/clickout/246              3  
12  https://dappradar.com/eth/clickout/1332              6  
27  https://dappradar.com/tron/clickout/222              3  
41   https://dappradar.com/eos/clickout/706             18  
43  https://dappradar.com/eth/clickout/1356              4  

 [1m The removed dapps: 7 DApps [0m 

               Name   category     Balance   User  Volume24    Txn24 platform github                                           facebook  \
24  GoodLuck Casino   gambling   200100.00  495.0     530.0    574.0     TRON   null  https://www.facebook.com/Good-Luck-Casino-1972...   
34         IOST Dex  exchanges  1300000.00  372.0    6100.0   2900.0     IOST   null                                               null   
42             IDEX  exchanges    41000.00  303.0  288400.0   4300.0      ETH   null                                               null   
43     MillionMoney  high-risk        0.00  290.0    4300.0    376.0      ETH   null                                               null   
45    Crypto Sanguo      games  3100000.00  280.0     456.0  19300.0     IOST   null                                               null   
47        Dozerbird      games       25.54  267.0      74.0    288.0      ETH   null              https://www.facebook.com/playdapp.io/   
49      Frag Raffle   gambling        0.00  235.0      40.0    240.0     TRON   null                                               null   

                               twitter                                      telegram                                             medium youtube  \
24  https://twitter.com/casinogoodluck                   https://t.me/goodluckcasino                                               null    null   
34                                null                                          null                                               null    null   
42      https://twitter.com/aurora_dao  https://t.me/joinchat/FT1IVA8AWHiyUkU3adehxA                      https://medium.com/aurora-dao    null   
43                                null                 https://t.me/millionmoneychat                                               null    null   
45    https://twitter.com/CryptoSanguo                                          null  https://medium.com/@cryptosanguo/crypto-sanguo...    null   
47    https://twitter.com/DozerFriends                   https://t.me/cryptodozer_io                    https://medium.com/dozerfriends    null   
49       https://twitter.com/FragToken                        https://t.me/fragtoken                                               null    null   

                                     reddit                                 dappLink  smartContract  
24                                     null  https://dappradar.com/tron/clickout/204              1  
34                                     null   https://dappradar.com/iost/clickout/22              1  
42      https://www.reddit.com/r/auroradao/   https://dappradar.com/eth/clickout/165              1  
43                                     null  https://dappradar.com/eth/clickout/1632              2  
45                                     null   https://dappradar.com/iost/clickout/32             11  
47  https://www.reddit.com/user/playdapp_io  https://dappradar.com/eth/clickout/1645              5  
49                                     null  https://dappradar.com/tron/clickout/417              2  
Finished: 2019-11-19T04:41:38.246786
Crawl date: 2019-11-20T04:30:20.870050
Crawl executable: /opt/google/chrome/google-chrome
Crawl site: https://dappradar.com/rankings
Crawl pages: 1.0
Crawl DApps Index Length: 51 at index -1
Crawl DApps: 50
DApp https://dappradar.com/app/944/my-crypto-heroes
DApp https://dappradar.com/app/791/makerdao
DApp https://dappradar.com/tron/22/888tron
Bailout social: https://dappradar.com/tron/22/888tron
Bailout smart contracts: https://dappradar.com/tron/22/888tron
DApp https://dappradar.com/tron/370/rocketgame
DApp https://dappradar.com/tron/2/wink
DApp https://dappradar.com/tron/502/betfury
DApp https://dappradar.com/eos/1059/eos-dynasty
DApp https://dappradar.com/tron/320/tronwatch-market
DApp https://dappradar.com/eos/669/newdex
DApp https://dappradar.com/tron/492/catpromotion
DApp https://dappradar.com/tron/70/trontrade
DApp https://dappradar.com/app/644/0xuniverse
DApp https://dappradar.com/tron/358/blackjack
DApp https://dappradar.com/app/1558/hypersnakes
DApp https://dappradar.com/tron/391/video-poker
DApp https://dappradar.com/tron/430/dragon7
DApp https://dappradar.com/app/1469/cryptodozer
DApp https://dappradar.com/ont/4/hyperdragons-go
Bailout smart contracts: https://dappradar.com/ont/4/hyperdragons-go
DApp https://dappradar.com/tron/359/queen-vs-king
DApp https://dappradar.com/tron/399/high-low
DApp https://dappradar.com/tron/489/tronfund-io
DApp https://dappradar.com/tron/363/baccarat-live
DApp https://dappradar.com/tron/222/big-small
DApp https://dappradar.com/app/1687/yolorekt
DApp https://dappradar.com/tron/204/goodluck-casino
DApp https://dappradar.com/eos/652/eos-knights
DApp https://dappradar.com/ont/1/hypersnakes
DApp https://dappradar.com/app/1611/cryptospells
DApp https://dappradar.com/eos/731/eos-royale
DApp https://dappradar.com/app/266/kyber
DApp https://dappradar.com/iost/22/iost-dex
DApp https://dappradar.com/app/249/blockchain-cuties
DApp https://dappradar.com/tron/487/enme
DApp https://dappradar.com/eos/976/prospectors
DApp https://dappradar.com/app/1585/x2bet-win
DApp https://dappradar.com/eos/1169/eosmmm
DApp https://dappradar.com/tron/446/cryptofriends
Bailout social: https://dappradar.com/tron/446/cryptofriends
Bailout smart contracts: https://dappradar.com/tron/446/cryptofriends
DApp https://dappradar.com/app/165/idex
DApp https://dappradar.com/app/1632/millionmoney
DApp https://dappradar.com/tron/202/bankroll
DApp https://dappradar.com/tron/496/tewkenaire
DApp https://dappradar.com/tron/21/trxmarket
DApp https://dappradar.com/tron/429/7tron
DApp https://dappradar.com/app/138/forkdelta
DApp https://dappradar.com/app/1602/uniswap
DApp https://dappradar.com/tron/417/frag-raffle
DApp https://dappradar.com/eos/1080/crypto-sword-magic
DApp https://dappradar.com/app/1645/dozerbird
DApp https://dappradar.com/iost/32/crypto-sanguo
DApp https://dappradar.com/eos/706/dice
Plotting...

 [1m The new dapps added: 2 DApps[0m 

         Name   category    Balance   User  Volume24    Txn24 platform github facebook                            twitter  \
37  TronHives  high-risk  7900000.0  340.0    2400.0   2700.0     TRON    NaN      NaN   https://twitter.com/BeehiveDApps   
40    WhaleEx  exchanges    97600.0  311.0  197900.0  84600.0      EOS    NaN      NaN  https://twitter.com/WhaleExchange   

                      telegram medium youtube reddit                                 dappLink  smartContract  
37  https://t.me/BeeHives_game    NaN     NaN    NaN  https://dappradar.com/tron/clickout/440              2  
40   https://t.me/WhaleExGroup    NaN     NaN    NaN   https://dappradar.com/eos/clickout/777              1  

 [1m The removed dapps: 2 DApps [0m 

         Name  category   Balance   User  Volume24    Txn24 platform github facebook                              twitter  \
22  Big&Small  gambling    6000.0  486.0       8.0    527.0     TRON   null     null  https://twitter.com/BigSmallOffici1   
49       Dice  gambling  107700.0  227.0  212400.0  81200.0      EOS   null     null         https://twitter.com/dice1_en   

                         telegram medium youtube reddit                                 dappLink  smartContract  
22  https://t.me/bigsmallofficial   null    null   null  https://dappradar.com/tron/clickout/222              3  
49          https://t.me/dice1_en   null    null   null   https://dappradar.com/eos/clickout/706             18  
Finished: 2019-11-20T04:37:55.362940
Crawl date: 2019-11-21T04:30:25.304848
Crawl executable: /opt/google/chrome/google-chrome
Crawl site: https://dappradar.com/rankings
Crawl pages: 1.0
Crawl DApps Index Length: 51 at index -1
Crawl DApps: 50
DApp https://dappradar.com/app/944/my-crypto-heroes
DApp https://dappradar.com/app/791/makerdao
DApp https://dappradar.com/tron/22/888tron
DApp https://dappradar.com/tron/370/rocketgame
DApp https://dappradar.com/tron/2/wink
DApp https://dappradar.com/tron/502/betfury
DApp https://dappradar.com/eos/1059/eos-dynasty
DApp https://dappradar.com/tron/320/tronwatch-market
DApp https://dappradar.com/eos/669/newdex
DApp https://dappradar.com/app/1332/playtowin-io
DApp https://dappradar.com/tron/70/trontrade
DApp https://dappradar.com/tron/492/catpromotion
Bailout smart contracts: https://dappradar.com/tron/492/catpromotion
DApp https://dappradar.com/tron/358/blackjack
DApp https://dappradar.com/app/1558/hypersnakes
DApp https://dappradar.com/app/1469/cryptodozer
DApp https://dappradar.com/tron/430/dragon7
DApp https://dappradar.com/app/644/0xuniverse
DApp https://dappradar.com/ont/4/hyperdragons-go
DApp https://dappradar.com/tron/359/queen-vs-king
DApp https://dappradar.com/tron/399/high-low
DApp https://dappradar.com/tron/489/tronfund-io
DApp https://dappradar.com/tron/363/baccarat-live
DApp https://dappradar.com/thundercore/7/slots
DApp https://dappradar.com/tron/222/big-small
DApp https://dappradar.com/tron/204/goodluck-casino
DApp https://dappradar.com/loom/10/cryptozombies
DApp https://dappradar.com/app/1585/x2bet-win
DApp https://dappradar.com/app/266/kyber
DApp https://dappradar.com/tron/391/video-poker
DApp https://dappradar.com/ont/1/hypersnakes
DApp https://dappradar.com/eos/652/eos-knights
DApp https://dappradar.com/app/1611/cryptospells
DApp https://dappradar.com/eos/731/eos-royale
DApp https://dappradar.com/tron/487/enme
DApp https://dappradar.com/iost/22/iost-dex
DApp https://dappradar.com/app/1687/yolorekt
DApp https://dappradar.com/app/249/blockchain-cuties
DApp https://dappradar.com/app/165/idex
DApp https://dappradar.com/eos/1169/eosmmm
DApp https://dappradar.com/eos/976/prospectors
DApp https://dappradar.com/tron/446/cryptofriends
DApp https://dappradar.com/tron/202/bankroll
DApp https://dappradar.com/app/138/forkdelta
DApp https://dappradar.com/tron/21/trxmarket
DApp https://dappradar.com/tron/429/7tron
DApp https://dappradar.com/tron/496/tewkenaire
DApp https://dappradar.com/tron/417/frag-raffle
DApp https://dappradar.com/iost/32/crypto-sanguo
DApp https://dappradar.com/eos/1080/crypto-sword-magic
DApp https://dappradar.com/app/1657/smartex
Plotting...

 [1m The new dapps added: 4 DApps[0m 

            Name   category    Balance   User  Volume24    Txn24 platform github                               facebook  \
38  MillionMoney  high-risk       0.00  317.0    3800.0    387.0      ETH    NaN                                    NaN   
44       Uniswap  exchanges   32400.00  288.0  560600.0    812.0      ETH    NaN                                    NaN   
47     Dozerbird      games      25.66  258.0      21.0    275.0      ETH    NaN  https://www.facebook.com/playdapp.io/   
49          Dice   gambling  107700.00  227.0  212400.0  81200.0      EOS    NaN                                    NaN   

                             twitter                       telegram                           medium youtube  \
38                               NaN  https://t.me/millionmoneychat                              NaN     NaN   
44                               NaN                            NaN                              NaN     NaN   
47  https://twitter.com/DozerFriends    https://t.me/cryptodozer_io  https://medium.com/dozerfriends     NaN   
49      https://twitter.com/dice1_en          https://t.me/dice1_en                              NaN     NaN   

                                     reddit                                 dappLink  smartContract  
38                                      NaN  https://dappradar.com/eth/clickout/1632              2  
44                                      NaN  https://dappradar.com/eth/clickout/1602             35  
47  https://www.reddit.com/user/playdapp_io  https://dappradar.com/eth/clickout/1645              5  
49                                      NaN   https://dappradar.com/eos/clickout/706             18  

 [1m The removed dapps: 4 DApps [0m 

             Name   category    Balance   User  Volume24    Txn24     platform github facebook                          twitter  \
9    Playtowin.io   gambling      23.72  856.0  250100.0   1000.0          ETH   null     null  https://twitter.com/Playtowinio   
22          Slots   gambling  420000.00  498.0      52.0  16400.0  ThunderCore   null     null                             null   
25  CryptoZombies      other       0.00  487.0       0.0   6800.0         LOOM   null     null  https://twitter.com/loomnetwork   
49        Smartex  high-risk       0.00  238.0   33200.0    254.0          ETH   null     null                             null   

                       telegram medium youtube reddit                                      dappLink  smartContract  
9    https://t.me/playtowingame   null    null   null       https://dappradar.com/eth/clickout/1332              6  
22                         null   null    null   null  https://dappradar.com/thundercore/clickout/7              1  
25  https://t.me/LoomNetworkDev   null    null   null        https://dappradar.com/loom/clickout/10              1  
49                         null   null    null   null       https://dappradar.com/eth/clickout/1657              1  
Finished: 2019-11-21T04:40:31.218552
Crawl date: 2019-11-22T04:30:20.342498
Crawl executable: /opt/google/chrome/google-chrome
Crawl site: https://dappradar.com/rankings
Crawl pages: 1.0
Crawl DApps Index Length: 51 at index -1
Crawl DApps: 50
DApp https://dappradar.com/app/944/my-crypto-heroes
DApp https://dappradar.com/tron/22/888tron
DApp https://dappradar.com/tron/370/rocketgame
DApp https://dappradar.com/app/791/makerdao
DApp https://dappradar.com/tron/2/wink
DApp https://dappradar.com/eos/1059/eos-dynasty
DApp https://dappradar.com/app/1332/playtowin-io
DApp https://dappradar.com/tron/502/betfury
DApp https://dappradar.com/tron/440/tronhives
DApp https://dappradar.com/app/1711/knight-story
DApp https://dappradar.com/tron/320/tronwatch-market
DApp https://dappradar.com/eos/669/newdex
DApp https://dappradar.com/tron/70/trontrade
DApp https://dappradar.com/tron/492/catpromotion
DApp https://dappradar.com/app/1585/x2bet-win
DApp https://dappradar.com/app/644/0xuniverse
DApp https://dappradar.com/tron/358/blackjack
Bailout social: https://dappradar.com/tron/358/blackjack
Bailout smart contracts: https://dappradar.com/tron/358/blackjack
DApp https://dappradar.com/app/1558/hypersnakes
DApp https://dappradar.com/tron/430/dragon7
DApp https://dappradar.com/app/1469/cryptodozer
DApp https://dappradar.com/thundercore/7/slots
DApp https://dappradar.com/eos/731/eos-royale
DApp https://dappradar.com/app/266/kyber
DApp https://dappradar.com/ont/4/hyperdragons-go
DApp https://dappradar.com/tron/359/queen-vs-king
DApp https://dappradar.com/tron/399/high-low
DApp https://dappradar.com/tron/489/tronfund-io
DApp https://dappradar.com/tron/363/baccarat-live
DApp https://dappradar.com/tron/222/big-small
DApp https://dappradar.com/iost/22/iost-dex
DApp https://dappradar.com/tron/204/goodluck-casino
DApp https://dappradar.com/tron/391/video-poker
DApp https://dappradar.com/loom/10/cryptozombies
Bailout smart contracts: https://dappradar.com/loom/10/cryptozombies
DApp https://dappradar.com/eos/652/eos-knights
DApp https://dappradar.com/ont/1/hypersnakes
DApp https://dappradar.com/tron/487/enme
DApp https://dappradar.com/app/1611/cryptospells
DApp https://dappradar.com/eos/976/prospectors
DApp https://dappradar.com/app/989/compound
DApp https://dappradar.com/app/249/blockchain-cuties
DApp https://dappradar.com/eos/1169/eosmmm
DApp https://dappradar.com/app/165/idex
Bailout social: https://dappradar.com/app/165/idex
Bailout smart contracts: https://dappradar.com/app/165/idex
DApp https://dappradar.com/tron/202/bankroll
DApp https://dappradar.com/tron/446/cryptofriends
DApp https://dappradar.com/app/138/forkdelta
DApp https://dappradar.com/tron/21/trxmarket
DApp https://dappradar.com/app/1602/uniswap
DApp https://dappradar.com/app/1687/yolorekt
DApp https://dappradar.com/tron/429/7tron
DApp https://dappradar.com/iost/32/crypto-sanguo
Plotting...

 [1m The new dapps added: 4 DApps[0m 

                    Name   category     Balance   User  Volume24   Txn24 platform github facebook                              twitter  \
45            Tewkenaire  high-risk  9700000.00  285.0    1500.0   466.0     TRON    NaN      NaN       https://twitter.com/tewkenaire   
46           Frag Raffle   gambling        0.00  275.0      52.0   315.0     TRON    NaN      NaN        https://twitter.com/FragToken   
48  Crypto Sword & Magic      games      893.38  257.0     908.0  2000.0      EOS    NaN      NaN  https://twitter.com/sword_and_magic   
49               Smartex  high-risk        0.00  238.0   33200.0   254.0      ETH    NaN      NaN                                  NaN   

                    telegram                                 medium                                            youtube reddit  \
45  https://t.me/tewkenaires                                    NaN  https://www.youtube.com/channel/UCh3UKda2EzfEL...    NaN   
46    https://t.me/fragtoken                                    NaN                                                NaN    NaN   
48    https://t.me/cryptosnm  https://medium.com/crypto-sword-magic                                                NaN    NaN   
49                       NaN                                    NaN                                                NaN    NaN   

                                   dappLink  smartContract  
45  https://dappradar.com/tron/clickout/496              1  
46  https://dappradar.com/tron/clickout/417              2  
48  https://dappradar.com/eos/clickout/1080              2  
49  https://dappradar.com/eth/clickout/1657              1  

 [1m The removed dapps: 4 DApps [0m 

            Name   category     Balance   User   Volume24   Txn24 platform github facebook                              twitter  \
8      TronHives  high-risk  7200000.00  989.0     1900.0  5600.0     TRON   null     null     https://twitter.com/BeehiveDApps   
9   Knight Story      games       42.21  973.0      770.0  3000.0      ETH   null     null                                 null   
38      Compound      other   314800.00  392.0  6200000.0   878.0      ETH   null     null  https://twitter.com/compoundfinance   
46       Uniswap  exchanges    30100.00  307.0   857600.0  1000.0      ETH   null     null                                 null   

                      telegram                               medium youtube reddit                                 dappLink  smartContract  
8   https://t.me/BeeHives_game                                 null    null   null  https://dappradar.com/tron/clickout/440              2  
9                         null                                 null    null   null  https://dappradar.com/eth/clickout/1711              4  
38                        null  https://medium.com/compound-finance    null   null   https://dappradar.com/eth/clickout/989              8  
46                        null                                 null    null   null  https://dappradar.com/eth/clickout/1602             35  
Finished: 2019-11-22T04:51:17.088816
